Removed Pin From Net: NetName=O16 Pin=U4-11
Removed Pin From Net: NetName=O15 Pin=U4-12
Removed Pin From Net: NetName=O14 Pin=U4-13
Removed Pin From Net: NetName=O13 Pin=U4-14
Removed Pin From Net: NetName=O12 Pin=U4-15
Removed Pin From Net: NetName=O11 Pin=U4-16
Removed Pin From Net: NetName=O10 Pin=U4-17
Removed Pin From Net: NetName=O9 Pin=U4-18
Removed Pin From Net: NetName=O24 Pin=U5-11
Removed Pin From Net: NetName=O23 Pin=U5-12
Removed Pin From Net: NetName=O22 Pin=U5-13
Removed Pin From Net: NetName=O21 Pin=U5-14
Removed Pin From Net: NetName=O20 Pin=U5-15
Removed Pin From Net: NetName=O19 Pin=U5-16
Removed Pin From Net: NetName=O18 Pin=U5-17
Removed Pin From Net: NetName=O17 Pin=U5-18
Added Pin To Net: NetName=5V Pin=F3-1
Added Pin To Net: NetName=O9 Pin=U4-11
Added Pin To Net: NetName=O10 Pin=U4-12
Added Pin To Net: NetName=O11 Pin=U4-13
Added Pin To Net: NetName=O12 Pin=U4-14
Added Pin To Net: NetName=O13 Pin=U4-15
Added Pin To Net: NetName=O14 Pin=U4-16
Added Pin To Net: NetName=O15 Pin=U4-17
Added Pin To Net: NetName=O16 Pin=U4-18
Added Pin To Net: NetName=O17 Pin=U5-11
Added Pin To Net: NetName=O18 Pin=U5-12
Added Pin To Net: NetName=O19 Pin=U5-13
Added Pin To Net: NetName=O20 Pin=U5-14
Added Pin To Net: NetName=O21 Pin=U5-15
Added Pin To Net: NetName=O22 Pin=U5-16
Added Pin To Net: NetName=O23 Pin=U5-17
Added Pin To Net: NetName=O24 Pin=U5-18
Added Pin To Net: NetName=O1 Pin=U7-17
Change Net Name : Old Net Name=O25 New Net Name=O32
Change Net Name : Old Net Name=O27 New Net Name=O30
Change Net Name : Old Net Name=O28 New Net Name=O29
Change Net Name : Old Net Name=O29 New Net Name=O28
Change Net Name : Old Net Name=O30 New Net Name=O27
Change Net Name : Old Net Name=O31 New Net Name=O26
Change Net Name : Old Net Name=O32 New Net Name=O25
Added Pin To Net: NetName=NA8 Pin=IC2-15
Added Pin To Net: NetName=NA8 Pin=U4-8
Added Net: Name=NA8
Added Pin To Net: NetName=NA9 Pin=IC2-1
Added Pin To Net: NetName=NA9 Pin=U4-7
Added Net: Name=NA9
Added Pin To Net: NetName=NA10 Pin=IC2-2
Added Pin To Net: NetName=NA10 Pin=U4-6
Added Net: Name=NA10
Added Pin To Net: NetName=NA11 Pin=IC2-3
Added Pin To Net: NetName=NA11 Pin=U4-5
Added Net: Name=NA11
Added Pin To Net: NetName=NA12 Pin=IC2-4
Added Pin To Net: NetName=NA12 Pin=U4-4
Added Net: Name=NA12
Added Pin To Net: NetName=NA13 Pin=IC2-5
Added Pin To Net: NetName=NA13 Pin=U4-3
Added Net: Name=NA13
Added Pin To Net: NetName=NA14 Pin=IC2-6
Added Pin To Net: NetName=NA14 Pin=U4-2
Added Net: Name=NA14
Added Pin To Net: NetName=NA15 Pin=IC2-7
Added Pin To Net: NetName=NA15 Pin=U4-1
Added Net: Name=NA15
Added Pin To Net: NetName=NA16 Pin=IC3-15
Added Pin To Net: NetName=NA16 Pin=U5-8
Added Net: Name=NA16
Added Pin To Net: NetName=NA17 Pin=IC3-1
Added Pin To Net: NetName=NA17 Pin=U5-7
Added Net: Name=NA17
Added Pin To Net: NetName=NA18 Pin=IC3-2
Added Pin To Net: NetName=NA18 Pin=U5-6
Added Net: Name=NA18
Added Pin To Net: NetName=NA19 Pin=IC3-3
Added Pin To Net: NetName=NA19 Pin=U5-5
Added Net: Name=NA19
Added Pin To Net: NetName=NA20 Pin=IC3-4
Added Pin To Net: NetName=NA20 Pin=U5-4
Added Net: Name=NA20
Added Pin To Net: NetName=NA21 Pin=IC3-5
Added Pin To Net: NetName=NA21 Pin=U5-3
Added Net: Name=NA21
Added Pin To Net: NetName=NA22 Pin=IC3-6
Added Pin To Net: NetName=NA22 Pin=U5-2
Added Net: Name=NA22
Added Pin To Net: NetName=NA23 Pin=IC3-7
Added Pin To Net: NetName=NA23 Pin=U5-1
Added Net: Name=NA23
Added Pin To Net: NetName=NA24 Pin=IC4-15
Added Pin To Net: NetName=NA24 Pin=U7-8
Added Net: Name=NA24
Added Pin To Net: NetName=NA25 Pin=IC4-1
Added Pin To Net: NetName=NA25 Pin=U7-7
Added Net: Name=NA25
Added Pin To Net: NetName=NA26 Pin=IC4-2
Added Pin To Net: NetName=NA26 Pin=U7-6
Added Net: Name=NA26
Added Pin To Net: NetName=NA27 Pin=IC4-3
Added Pin To Net: NetName=NA27 Pin=U7-5
Added Net: Name=NA27
Added Pin To Net: NetName=NA28 Pin=IC4-4
Added Pin To Net: NetName=NA28 Pin=U7-4
Added Net: Name=NA28
Added Pin To Net: NetName=NA29 Pin=IC4-5
Added Pin To Net: NetName=NA29 Pin=U7-3
Added Net: Name=NA29
Added Pin To Net: NetName=NA30 Pin=IC4-6
Added Pin To Net: NetName=NA30 Pin=U7-2
Added Net: Name=NA30
Added Pin To Net: NetName=NA31 Pin=IC4-7
Added Pin To Net: NetName=NA31 Pin=U7-1
Added Net: Name=NA31
Added Pin To Net: NetName=O31 Pin=J2-37
Added Net: Name=O31
