Removed Pin From Net: NetName=P23/SS0 Pin=HD1-10
Removed Pin From Net: NetName=P24/SS1 Pin=HD1-11
Removed Pin From Net: NetName=P25/SS2 Pin=HD1-12
Removed Pin From Net: NetName=P26/SS3 Pin=HD1-13
Removed Pin From Net: NetName=P27/SS4 Pin=HD1-14
Removed Pin From Net: NetName=P28/SS5 Pin=HD1-15
Removed Pin From Net: NetName=P29/SS6 Pin=HD1-16
Removed Pin From Net: NetName=P30/SS7 Pin=HD1-17
Removed Pin From Net: NetName=P31/SS8 Pin=HD1-18
Removed Pin From Net: NetName=P32/SS9 Pin=HD1-19
Removed Pin From Net: NetName=EMG Pin=HD1-20
Removed Pin From Net: NetName=PUMP Pin=HD1-21
Removed Pin From Net: NetName=P17/PWM1 Pin=HD1-22
Removed Pin From Net: NetName=P18/PWM2 Pin=HD1-23
Removed Pin From Net: NetName=P19/PWM3 Pin=HD1-24
Removed Pin From Net: NetName=P20/PWM4 Pin=HD1-25
Removed Pin From Net: NetName=GND Pin=HD1-29
Removed Pin From Net: NetName=P41/A0 Pin=HD1-30
Removed Pin From Net: NetName=P42/A1 Pin=HD1-31
Removed Pin From Net: NetName=P43/A2 Pin=HD1-32
Removed Pin From Net: NetName=P44/A3 Pin=HD1-33
Removed Pin From Net: NetName=P45/A4 Pin=HD1-34
Removed Pin From Net: NetName=GND Pin=HD1-35
Removed Pin From Net: NetName=P46/A5 Pin=HD1-36
Removed Pin From Net: NetName=GND Pin=HD1-37
Removed Pin From Net: NetName=P47/A6 Pin=HD1-38
Added Pin To Net: NetName=5V Pin=F3-1
Added Pin To Net: NetName=EMG Pin=HD1-10
Added Pin To Net: NetName=PUMP Pin=HD1-11
Added Pin To Net: NetName=P47/A6 Pin=HD1-12
Added Pin To Net: NetName=P46/A5 Pin=HD1-13
Added Pin To Net: NetName=P45/A4 Pin=HD1-14
Added Pin To Net: NetName=P44/A3 Pin=HD1-15
Added Pin To Net: NetName=P43/A2 Pin=HD1-16
Added Pin To Net: NetName=P42/A1 Pin=HD1-17
Added Pin To Net: NetName=P41/A0 Pin=HD1-18
Added Pin To Net: NetName=GND Pin=HD1-19
Added Pin To Net: NetName=P17/PWM1 Pin=HD1-20
Added Pin To Net: NetName=P18/PWM2 Pin=HD1-21
Added Pin To Net: NetName=P19/PWM3 Pin=HD1-22
Added Pin To Net: NetName=GND Pin=HD1-23
Added Pin To Net: NetName=P20/PWM4 Pin=HD1-24
Added Pin To Net: NetName=GND Pin=HD1-25
Added Pin To Net: NetName=P23/SS0 Pin=HD1-29
Added Pin To Net: NetName=P24/SS1 Pin=HD1-30
Added Pin To Net: NetName=P25/SS2 Pin=HD1-31
Added Pin To Net: NetName=P26/SS3 Pin=HD1-32
Added Pin To Net: NetName=P27/SS4 Pin=HD1-33
Added Pin To Net: NetName=P28/SS5 Pin=HD1-34
Added Pin To Net: NetName=P29/SS6 Pin=HD1-35
Added Pin To Net: NetName=P30/SS7 Pin=HD1-36
Added Pin To Net: NetName=P31/SS8 Pin=HD1-37
Added Pin To Net: NetName=P32/SS9 Pin=HD1-38
