Removed Pin From Net: NetName=COL1 Pin=J5_KEY1-1
Removed Pin From Net: NetName=KEY11 Pin=J5_KEY1-2
Removed Pin From Net: NetName=COL2 Pin=J5_KEY1-3
Removed Pin From Net: NetName=KEY21 Pin=J5_KEY1-4
Removed Pin From Net: NetName=COL3 Pin=J5_KEY1-5
Removed Pin From Net: NetName=KEY31 Pin=J5_KEY1-6
Removed Pin From Net: NetName=COL4 Pin=J5_KEY1-7
Removed Pin From Net: NetName=KEY41 Pin=J5_KEY1-8
Removed Pin From Net: NetName=COL1 Pin=J5_KEY2-1
Removed Pin From Net: NetName=KEY12 Pin=J5_KEY2-2
Removed Pin From Net: NetName=COL2 Pin=J5_KEY2-3
Removed Pin From Net: NetName=KEY22 Pin=J5_KEY2-4
Removed Pin From Net: NetName=COL3 Pin=J5_KEY2-5
Removed Pin From Net: NetName=KEY32 Pin=J5_KEY2-6
Removed Pin From Net: NetName=COL4 Pin=J5_KEY2-7
Removed Pin From Net: NetName=KEY42 Pin=J5_KEY2-8
Removed Pin From Net: NetName=COL1 Pin=J5_KEY3-1
Removed Pin From Net: NetName=KEY13 Pin=J5_KEY3-2
Removed Pin From Net: NetName=COL2 Pin=J5_KEY3-3
Removed Pin From Net: NetName=KEY23 Pin=J5_KEY3-4
Removed Pin From Net: NetName=COL3 Pin=J5_KEY3-5
Removed Pin From Net: NetName=KEY33 Pin=J5_KEY3-6
Removed Pin From Net: NetName=COL4 Pin=J5_KEY3-7
Removed Pin From Net: NetName=KEY43 Pin=J5_KEY3-8
Removed Member From Class: ClassName=KEY1 Member=J5_KEY1
Removed Member From Class: ClassName=KEY2 Member=J5_KEY2
Removed Member From Class: ClassName=KEY3 Member=J5_KEY3
Added Pin To Net: NetName=COL1 Pin=J?_KEY1-1
Added Pin To Net: NetName=KEY11 Pin=J?_KEY1-2
Added Pin To Net: NetName=COL2 Pin=J?_KEY1-3
Added Pin To Net: NetName=KEY21 Pin=J?_KEY1-4
Added Pin To Net: NetName=COL3 Pin=J?_KEY1-5
Added Pin To Net: NetName=KEY31 Pin=J?_KEY1-6
Added Pin To Net: NetName=COL4 Pin=J?_KEY1-7
Added Pin To Net: NetName=KEY41 Pin=J?_KEY1-8
Added Pin To Net: NetName=KEY11 Pin=J?_KEY1-L1+
Added Pin To Net: NetName=KEY41 Pin=J?_KEY1-L2+
Added Pin To Net: NetName=COL1 Pin=J?_KEY2-1
Added Pin To Net: NetName=KEY12 Pin=J?_KEY2-2
Added Pin To Net: NetName=COL2 Pin=J?_KEY2-3
Added Pin To Net: NetName=KEY22 Pin=J?_KEY2-4
Added Pin To Net: NetName=COL3 Pin=J?_KEY2-5
Added Pin To Net: NetName=KEY32 Pin=J?_KEY2-6
Added Pin To Net: NetName=COL4 Pin=J?_KEY2-7
Added Pin To Net: NetName=KEY42 Pin=J?_KEY2-8
Added Pin To Net: NetName=KEY12 Pin=J?_KEY2-L1+
Added Pin To Net: NetName=KEY42 Pin=J?_KEY2-L2+
Added Pin To Net: NetName=COL1 Pin=J?_KEY3-1
Added Pin To Net: NetName=KEY13 Pin=J?_KEY3-2
Added Pin To Net: NetName=COL2 Pin=J?_KEY3-3
Added Pin To Net: NetName=KEY23 Pin=J?_KEY3-4
Added Pin To Net: NetName=COL3 Pin=J?_KEY3-5
Added Pin To Net: NetName=KEY33 Pin=J?_KEY3-6
Added Pin To Net: NetName=COL4 Pin=J?_KEY3-7
Added Pin To Net: NetName=KEY43 Pin=J?_KEY3-8
Added Pin To Net: NetName=KEY13 Pin=J?_KEY3-L1+
Added Pin To Net: NetName=KEY43 Pin=J?_KEY3-L2+
Added Pin To Net: NetName=NetJ?_KEY1_L1- Pin=J?_KEY1-L1-
Added Pin To Net: NetName=NetJ?_KEY1_L1- Pin=R23_KEY1-1
Added Net: Name=NetJ?_KEY1_L1-
Added Pin To Net: NetName=NetJ?_KEY1_L2- Pin=J?_KEY1-L2-
Added Pin To Net: NetName=NetJ?_KEY1_L2- Pin=R27_KEY1-2
Added Net: Name=NetJ?_KEY1_L2-
Added Pin To Net: NetName=NetJ?_KEY2_L1- Pin=J?_KEY2-L1-
Added Pin To Net: NetName=NetJ?_KEY2_L1- Pin=R23_KEY2-1
Added Net: Name=NetJ?_KEY2_L1-
Added Pin To Net: NetName=NetJ?_KEY2_L2- Pin=J?_KEY2-L2-
Added Pin To Net: NetName=NetJ?_KEY2_L2- Pin=R27_KEY2-2
Added Net: Name=NetJ?_KEY2_L2-
Added Pin To Net: NetName=NetJ?_KEY3_L1- Pin=J?_KEY3-L1-
Added Pin To Net: NetName=NetJ?_KEY3_L1- Pin=R23_KEY3-1
Added Net: Name=NetJ?_KEY3_L1-
Added Pin To Net: NetName=NetJ?_KEY3_L2- Pin=J?_KEY3-L2-
Added Pin To Net: NetName=NetJ?_KEY3_L2- Pin=R27_KEY3-2
Added Net: Name=NetJ?_KEY3_L2-
