Removed Pin From Net: NetName=P47/A6 Pin=HD1-22
Removed Pin From Net: NetName=P46/A5 Pin=HD1-23
Removed Pin From Net: NetName=P45/A4 Pin=HD1-24
Removed Pin From Net: NetName=P44/A3 Pin=HD1-25
Removed Pin From Net: NetName=P43/A2 Pin=HD1-26
Removed Pin From Net: NetName=P42/A1 Pin=HD1-28
Removed Pin From Net: NetName=P17/PWM1 Pin=HD1-31
Removed Pin From Net: NetName=P18/PWM2 Pin=HD1-32
Removed Pin From Net: NetName=P19/PWM3 Pin=HD1-33
Removed Pin From Net: NetName=P20/PWM4 Pin=HD1-34
Removed Pin From Net: NetName=P21/PWM5 Pin=HD1-36
Removed Pin From Net: NetName=P22/PWM6 Pin=HD1-38
Added Pin To Net: NetName=+5 Pin=F3-1
Added Pin To Net: NetName=P17/PWM1 Pin=HD1-22
Added Pin To Net: NetName=P18/PWM2 Pin=HD1-23
Added Pin To Net: NetName=P19/PWM3 Pin=HD1-24
Added Pin To Net: NetName=P20/PWM4 Pin=HD1-25
Added Pin To Net: NetName=P21/PWM5 Pin=HD1-26
Added Pin To Net: NetName=P22/PWM6 Pin=HD1-28
Added Pin To Net: NetName=GND Pin=HD1-29
Added Pin To Net: NetName=P42/A1 Pin=HD1-31
Added Pin To Net: NetName=P43/A2 Pin=HD1-32
Added Pin To Net: NetName=P44/A3 Pin=HD1-33
Added Pin To Net: NetName=P45/A4 Pin=HD1-34
Added Pin To Net: NetName=P46/A5 Pin=HD1-36
Added Pin To Net: NetName=P47/A6 Pin=HD1-38
