Removed Pin From Net: NetName=+12 Pin=C16-2
Removed Pin From Net: NetName=+12 Pin=C17-2
Removed Pin From Net: NetName=GND Pin=C18-1
Removed Pin From Net: NetName=+12 Pin=C18-2
Removed Pin From Net: NetName=GND Pin=C19-1
Removed Pin From Net: NetName=+12 Pin=C19-2
Removed Pin From Net: NetName=+12 Pin=J2-9
Removed Pin From Net: NetName=+12 Pin=J2-11
Removed Pin From Net: NetName=+12 Pin=U3-10
Removed Pin From Net: NetName=+12 Pin=U4-10
Removed Pin From Net: NetName=+12 Pin=U5-10
Removed Pin From Net: NetName=+12 Pin=U7-10
Added Pin To Net: NetName=GND Pin=C18-2
Added Pin To Net: NetName=GND Pin=C19-2
Added Pin To Net: NetName=+5 Pin=F3-1
Added Pin To Net: NetName=NetC16_2 Pin=C16-2
Added Pin To Net: NetName=NetC16_2 Pin=C17-2
Added Pin To Net: NetName=NetC16_2 Pin=J2-11
Added Pin To Net: NetName=NetC16_2 Pin=U5-10
Added Pin To Net: NetName=NetC16_2 Pin=U7-10
Added Net: Name=NetC16_2
Added Pin To Net: NetName=NetC18_1 Pin=C18-1
Added Pin To Net: NetName=NetC18_1 Pin=C19-1
Added Pin To Net: NetName=NetC18_1 Pin=J2-9
Added Pin To Net: NetName=NetC18_1 Pin=U3-10
Added Pin To Net: NetName=NetC18_1 Pin=U4-10
Added Net: Name=NetC18_1
