Removed Pin From Net: NetName=NetLED2_Photo1_1 Pin=R14_Photo1-2
Removed Pin From Net: NetName=NetLED2_Photo2_1 Pin=R14_Photo2-2
Removed Pin From Net: NetName=NetLED2_Photo3_1 Pin=R14_Photo3-2
Removed Pin From Net: NetName=NetLED3_Photo1_1 Pin=R18_Photo1-2
Removed Pin From Net: NetName=NetLED3_Photo2_1 Pin=R18_Photo2-2
Removed Pin From Net: NetName=NetLED3_Photo3_1 Pin=R18_Photo3-2
Removed Pin From Net: NetName=INA1 Pin=U8_Photo1-2
Removed Pin From Net: NetName=INA2 Pin=U8_Photo2-2
Removed Pin From Net: NetName=INA3 Pin=U8_Photo3-2
Removed Pin From Net: NetName=INB1 Pin=U9_Photo1-2
Removed Pin From Net: NetName=INB2 Pin=U9_Photo2-2
Removed Pin From Net: NetName=INB3 Pin=U9_Photo3-2
Added Pin To Net: NetName=5V Pin=F3-1
Added Pin To Net: NetName=INA1 Pin=LED2_Photo1-2
Added Pin To Net: NetName=INA2 Pin=LED2_Photo2-2
Added Pin To Net: NetName=INA3 Pin=LED2_Photo3-2
Added Pin To Net: NetName=INB1 Pin=LED3_Photo1-2
Added Pin To Net: NetName=INB2 Pin=LED3_Photo2-2
Added Pin To Net: NetName=INB3 Pin=LED3_Photo3-2
Added Pin To Net: NetName=NetLED2_Photo1_1 Pin=U8_Photo1-2
Added Pin To Net: NetName=NetLED2_Photo2_1 Pin=U8_Photo2-2
Added Pin To Net: NetName=NetLED2_Photo3_1 Pin=U8_Photo3-2
Added Pin To Net: NetName=NetLED3_Photo1_1 Pin=U9_Photo1-2
Added Pin To Net: NetName=NetLED3_Photo2_1 Pin=U9_Photo2-2
Added Pin To Net: NetName=NetLED3_Photo3_1 Pin=U9_Photo3-2
Added Pin To Net: NetName=NetR14_Photo1_2 Pin=R14_Photo1-2
Added Pin To Net: NetName=NetR14_Photo1_2 Pin=U8_Photo1-1
Added Net: Name=NetR14_Photo1_2
Added Pin To Net: NetName=NetR14_Photo2_2 Pin=R14_Photo2-2
Added Pin To Net: NetName=NetR14_Photo2_2 Pin=U8_Photo2-1
Added Net: Name=NetR14_Photo2_2
Added Pin To Net: NetName=NetR14_Photo3_2 Pin=R14_Photo3-2
Added Pin To Net: NetName=NetR14_Photo3_2 Pin=U8_Photo3-1
Added Net: Name=NetR14_Photo3_2
Added Pin To Net: NetName=NetR18_Photo1_2 Pin=R18_Photo1-2
Added Pin To Net: NetName=NetR18_Photo1_2 Pin=U9_Photo1-1
Added Net: Name=NetR18_Photo1_2
Added Pin To Net: NetName=NetR18_Photo2_2 Pin=R18_Photo2-2
Added Pin To Net: NetName=NetR18_Photo2_2 Pin=U9_Photo2-1
Added Net: Name=NetR18_Photo2_2
Added Pin To Net: NetName=NetR18_Photo3_2 Pin=R18_Photo3-2
Added Pin To Net: NetName=NetR18_Photo3_2 Pin=U9_Photo3-1
Added Net: Name=NetR18_Photo3_2
