Removed Pin From Net: NetName=O7 Pin=J2-16
Removed Pin From Net: NetName=O5 Pin=J2-17
Removed Pin From Net: NetName=O3 Pin=J2-18
Removed Pin From Net: NetName=O1 Pin=J2-19
Removed Pin From Net: NetName=O8 Pin=J2-34
Removed Pin From Net: NetName=O6 Pin=J2-35
Removed Pin From Net: NetName=O4 Pin=J2-36
Removed Pin From Net: NetName=O2 Pin=J2-37
Removed Pin From Net: NetName=O8 Pin=U3-11
Removed Pin From Net: NetName=O7 Pin=U3-12
Removed Pin From Net: NetName=O6 Pin=U3-13
Removed Pin From Net: NetName=O5 Pin=U3-14
Removed Pin From Net: NetName=O4 Pin=U3-15
Removed Pin From Net: NetName=O3 Pin=U3-16
Removed Pin From Net: NetName=O2 Pin=U3-17
Removed Pin From Net: NetName=O1 Pin=U3-18
Added Pin To Net: NetName=+5 Pin=F3-1
Added Pin To Net: NetName=O31 Pin=J2-16
Added Pin To Net: NetName=O29 Pin=J2-17
Added Pin To Net: NetName=O27 Pin=J2-18
Added Pin To Net: NetName=O25 Pin=J2-19
Added Pin To Net: NetName=O32 Pin=J2-34
Added Pin To Net: NetName=O30 Pin=J2-35
Added Pin To Net: NetName=O28 Pin=J2-36
Added Pin To Net: NetName=O26 Pin=J2-37
Added Pin To Net: NetName=O1 Pin=U3-11
Added Pin To Net: NetName=O2 Pin=U3-12
Added Pin To Net: NetName=O3 Pin=U3-13
Added Pin To Net: NetName=O4 Pin=U3-14
Added Pin To Net: NetName=O5 Pin=U3-15
Added Pin To Net: NetName=O6 Pin=U3-16
Added Pin To Net: NetName=O7 Pin=U3-17
Added Pin To Net: NetName=O8 Pin=U3-18
Added Pin To Net: NetName=A0 Pin=IC1-15
Added Pin To Net: NetName=A0 Pin=U3-8
Added Net: Name=A0
Added Pin To Net: NetName=A5 Pin=IC1-5
Added Pin To Net: NetName=A5 Pin=U3-3
Added Net: Name=A5
Added Pin To Net: NetName=A6 Pin=IC1-6
Added Pin To Net: NetName=A6 Pin=U3-2
Added Net: Name=A6
Added Pin To Net: NetName=A7 Pin=IC1-7
Added Pin To Net: NetName=A7 Pin=U3-1
Added Net: Name=A7
