Removed Pin From Net: NetName=NetC1_2 Pin=C4-1
Removed Pin From Net: NetName=GND Pin=C4-2
Removed Pin From Net: NetName=GND Pin=C6-1
Removed Pin From Net: NetName=+12 Pin=C6-2
Removed Pin From Net: NetName=GND Pin=D2-1
Removed Pin From Net: NetName=NetC1_2 Pin=L1-3
Removed Pin From Net: NetName=NetC1_2 Pin=L1-4
Removed Pin From Net: NetName=+12 Pin=U1-1
Removed Pin From Net: NetName=GND Pin=U1-3
Removed Pin From Net: NetName=NetC1_2 Pin=U1-4
Removed Pin From Net: NetName=GND Pin=U1-5
Removed Member From Class: ClassName=Power Member=C4
Removed Member From Class: ClassName=Power Member=C6
Removed Member From Class: ClassName=Power Member=D2
Removed Member From Class: ClassName=Power Member=L1
Removed Member From Class: ClassName=Power Member=U1
Added Pin To Net: NetName=+12 Pin=DC?-1
Added Pin To Net: NetName=GND Pin=DC?-2
Added Pin To Net: NetName=NetC1_2 Pin=DC?-3
Added Pin To Net: NetName=5V Pin=F3-1
